app/build/intermediates/manifest_merge_blame_file/debug/manifest-merger-blame-debug-report.txt
1<?xml version="1.0" encoding="utf-8"?>
2<manifest xmlns:android="http://schemas.android.com/apk/res/android"
3    package="org.tensorflow.lite.examples.transfer"
4    android:versionCode="1"
5    android:versionName="1.0" >
6
7    <uses-sdk
8        android:minSdkVersion="26"
8-->src\main\AndroidManifest.xml
9        android:targetSdkVersion="29" />
9-->src\main\AndroidManifest.xml
10
11    <uses-feature
11-->src\main\AndroidManifest.xml:5:5-7:35
12        android:name="android.hardware.sensor.accelerometer"
12-->src\main\AndroidManifest.xml:6:9-61
13        android:required="true" />
13-->src\main\AndroidManifest.xml:7:9-32
14    <uses-feature
14-->src\main\AndroidManifest.xml:8:5-10:35
15        android:name="android.hardware.sensor.gyroscope"
15-->src\main\AndroidManifest.xml:9:9-57
16        android:required="true" />
16-->src\main\AndroidManifest.xml:10:9-32
17
18    <uses-permission android:name="android.permission.VIBRATE" />
18-->src\main\AndroidManifest.xml:12:5-66
18-->src\main\AndroidManifest.xml:12:22-63
19    <uses-permission android:name="android.permission.WRITE_EXTERNAL_STORAGE" />
19-->src\main\AndroidManifest.xml:13:5-81
19-->src\main\AndroidManifest.xml:13:22-78
20
21    <application
21-->src\main\AndroidManifest.xml:15:5-42:19
22        android:allowBackup="true"
22-->src\main\AndroidManifest.xml:16:9-35
23        android:appComponentFactory="androidx.core.app.CoreComponentFactory"
23-->[androidx.core:core:1.1.0] AndroidManifest.xml:24:18-86
24        android:configChanges="orientation"
24-->src\main\AndroidManifest.xml:17:9-44
25        android:debuggable="true"
26        android:extractNativeLibs="false"
27        android:icon="@drawable/ic_launcher"
27-->src\main\AndroidManifest.xml:18:9-45
28        android:label="@string/app_name"
28-->src\main\AndroidManifest.xml:19:9-41
29        android:testOnly="true"
30        android:theme="@style/AppTheme" >
30-->src\main\AndroidManifest.xml:20:9-40
31        <activity android:name="org.tensorflow.lite.examples.transfer.CollectExampleData" />
31-->src\main\AndroidManifest.xml:21:9-56
31-->src\main\AndroidManifest.xml:21:19-53
32        <activity android:name="org.tensorflow.lite.examples.transfer.ShowConfusionMatrix" />
32-->src\main\AndroidManifest.xml:22:9-57
32-->src\main\AndroidManifest.xml:22:19-54
33        <activity android:name="org.tensorflow.lite.examples.transfer.CreateConfusionMatrix" />
33-->src\main\AndroidManifest.xml:23:9-59
33-->src\main\AndroidManifest.xml:23:19-56
34        <activity
34-->src\main\AndroidManifest.xml:24:9-27:52
35            android:name="org.tensorflow.lite.examples.transfer.TrainNewModel"
35-->src\main\AndroidManifest.xml:25:13-42
36            android:configChanges="orientation"
36-->src\main\AndroidManifest.xml:26:13-48
37            android:screenOrientation="portrait" />
37-->src\main\AndroidManifest.xml:27:13-49
38        <activity
38-->src\main\AndroidManifest.xml:28:9-31:52
39            android:name="org.tensorflow.lite.examples.transfer.UsePreTrainedData"
39-->src\main\AndroidManifest.xml:29:13-46
40            android:configChanges="orientation"
40-->src\main\AndroidManifest.xml:30:13-48
41            android:screenOrientation="portrait" />
41-->src\main\AndroidManifest.xml:31:13-49
42        <activity
42-->src\main\AndroidManifest.xml:32:9-41:20
43            android:name="org.tensorflow.lite.examples.transfer.MainActivity"
43-->src\main\AndroidManifest.xml:33:13-41
44            android:exported="true"
44-->src\main\AndroidManifest.xml:34:13-36
45            android:screenOrientation="portrait" >
45-->src\main\AndroidManifest.xml:35:13-49
46            <intent-filter>
46-->src\main\AndroidManifest.xml:36:13-40:29
47                <action android:name="android.intent.action.MAIN" />
47-->src\main\AndroidManifest.xml:37:17-69
47-->src\main\AndroidManifest.xml:37:25-66
48
49                <category android:name="android.intent.category.LAUNCHER" />
49-->src\main\AndroidManifest.xml:39:17-77
49-->src\main\AndroidManifest.xml:39:27-74
50            </intent-filter>
51        </activity>
52
53        <provider
53-->[androidx.lifecycle:lifecycle-process:2.1.0-rc01] AndroidManifest.xml:23:9-27:43
54            android:name="androidx.lifecycle.ProcessLifecycleOwnerInitializer"
54-->[androidx.lifecycle:lifecycle-process:2.1.0-rc01] AndroidManifest.xml:24:13-79
55            android:authorities="org.tensorflow.lite.examples.transfer.lifecycle-process"
55-->[androidx.lifecycle:lifecycle-process:2.1.0-rc01] AndroidManifest.xml:25:13-69
56            android:exported="false"
56-->[androidx.lifecycle:lifecycle-process:2.1.0-rc01] AndroidManifest.xml:26:13-37
57            android:multiprocess="true" />
57-->[androidx.lifecycle:lifecycle-process:2.1.0-rc01] AndroidManifest.xml:27:13-40
58    </application>
59
60</manifest>